Base path: 'E:/enti/UnityHub/UnityVersions/2019.3.2f1/Editor/Data', plugins path 'E:/enti/UnityHub/UnityVersions/2019.3.2f1/Editor/Data/PlaybackEngines'
Cmd: initializeCompiler
Cmd: preprocessCompute
  insize=421 outsize=420 ok=1
Cmd: compileComputeKernel
  api=4 insize=420 outsize=461 ok=1
Cmd: preprocessCompute
  insize=1042 outsize=1041 ok=1
Cmd: compileComputeKernel
  error: 2 plat 4 at CalculateFishData.compute(16): syntax error: unexpected token 'Boid'
  api=4 insize=1041 outsize=0 ok=0
Cmd: preprocessCompute
  insize=1042 outsize=1041 ok=1
Cmd: compileComputeKernel
  error: 1 plat 4 at CalculateFishData.compute(25): signed/unsigned mismatch, unsigned assumed
  error: 2 plat 4 at CalculateFishData.compute(31): invalid subscript 'numFlockmates'
  api=4 insize=1041 outsize=0 ok=0
Cmd: preprocessCompute
  insize=1042 outsize=1041 ok=1
Cmd: compileComputeKernel
  error: 1 plat 4 at CalculateFishData.compute(25): signed/unsigned mismatch, unsigned assumed
  error: 2 plat 4 at CalculateFishData.compute(33): invalid subscript 'flockCentre'
  api=4 insize=1041 outsize=0 ok=0
Cmd: preprocessCompute
  insize=1042 outsize=1041 ok=1
Cmd: compileComputeKernel
  error: 1 plat 4 at CalculateFishData.compute(25): signed/unsigned mismatch, unsigned assumed
  api=4 insize=1041 outsize=1409 ok=1
Cmd: preprocessCompute
  insize=1043 outsize=1042 ok=1
Cmd: compileComputeKernel
  error: 1 plat 4 at CalculateFishData.compute(24): signed/unsigned mismatch, unsigned assumed
  api=4 insize=1042 outsize=1409 ok=1
Cmd: disassembleShader
  api=4 insize=1124 outsize=2464 ok=1
Cmd: disassembleShader
  api=4 insize=1124 outsize=2464 ok=1
Cmd: preprocessCompute
  insize=1043 outsize=1042 ok=1
Cmd: compileComputeKernel
  error: 2 plat 4 at CalculateFishData.compute(24): undeclared identifier 'numBoids'
  api=4 insize=1042 outsize=0 ok=0
Cmd: preprocessCompute
  insize=1044 outsize=1043 ok=1
Cmd: compileComputeKernel
  error: 1 plat 4 at CalculateFishData.compute(25): signed/unsigned mismatch, unsigned assumed
  api=4 insize=1043 outsize=1410 ok=1
Cmd: preprocessCompute
  insize=1112 outsize=1111 ok=1
Cmd: compileComputeKernel
  error: 1 plat 4 at CalculateFishData.compute(26): signed/unsigned mismatch, unsigned assumed
  error: 2 plat 4 at CalculateFishData.compute(35): 'max': no matching 2 parameter intrinsic function; Possible intrinsic functions are: max(float|half|double|min10float|min16float|int|uint|min12int|min16int|min16uint, float|half|double|min10float|min16float|int|uint|min12int|min16int|min16uint)
  error: 2 plat 4 at CalculateFishData.compute(35): undeclared identifier 'sqrt'
  api=4 insize=1111 outsize=0 ok=0
Cmd: preprocessCompute
  insize=1114 outsize=1113 ok=1
Cmd: compileComputeKernel
  error: 1 plat 4 at CalculateFishData.compute(26): signed/unsigned mismatch, unsigned assumed
  api=4 insize=1113 outsize=1518 ok=1
Cmd: preprocessCompute
  insize=1117 outsize=1116 ok=1
Cmd: compileComputeKernel
  error: 1 plat 4 at CalculateFishData.compute(26): signed/unsigned mismatch, unsigned assumed
  api=4 insize=1116 outsize=1518 ok=1
Cmd: preprocessCompute
  insize=1117 outsize=1116 ok=1
Cmd: compileComputeKernel
  error: 1 plat 4 at CalculateFishData.compute(26): signed/unsigned mismatch, unsigned assumed
  api=4 insize=1116 outsize=1518 ok=1
Cmd: preprocessCompute
  insize=1118 outsize=1117 ok=1
Cmd: compileComputeKernel
  error: 1 plat 4 at CalculateFishData.compute(25): signed/unsigned mismatch, unsigned assumed
  api=4 insize=1117 outsize=1518 ok=1
Cmd: preprocessCompute
  insize=1143 outsize=1142 ok=1
Cmd: compileComputeKernel
  error: 1 plat 4 at CalculateFishData.compute(26): signed/unsigned mismatch, unsigned assumed
  api=4 insize=1142 outsize=1550 ok=1
Cmd: preprocessCompute
  insize=1115 outsize=1114 ok=1
Cmd: compileComputeKernel
  error: 1 plat 4 at CalculateFishData.compute(25): signed/unsigned mismatch, unsigned assumed
  api=4 insize=1114 outsize=1518 ok=1
Cmd: preprocessCompute
  insize=1115 outsize=1114 ok=1
Cmd: compileComputeKernel
  error: 1 plat 4 at CalculateFishData.compute(25): signed/unsigned mismatch, unsigned assumed
  api=4 insize=1114 outsize=1518 ok=1
